<?xml version="1.0" encoding="UTF-8"?>
<testsuite name="com.cay.RedisTest" time="5.022" tests="5" errors="0" skipped="0" failures="0">
  <properties>
[...]
</properties>
  <testcase name="testBasicString" classname="com.cay.RedisTest" time="0.012"/>
  <testcase name="testMap" classname="com.cay.RedisTest" time="0.003"/>
  <testcase name="testSet" classname="com.cay.RedisTest" time="0.002"/>
  <testcase name="testList" classname="com.cay.RedisTest" time="0.002"/>
  <testcase name="test" classname="com.cay.RedisTest" time="5.003"/>
</testsuite>